<?xml version="1.0" encoding="UTF-8"?>
<!-- Generated by org.testng.reporters.JUnitXMLReporter -->
<testsuite ignored="0" hostname="DESKTOP-NQ2L7NS" failures="1" tests="1" name="Test" time="0.038" errors="0" timestamp="2024-10-22T17:27:28 IST">
  <testcase classname="Train_Script.Test_Script" name="login" time="0.0">
    <failure type="org.testng.TestNGException" message="
Method public void Train_Script.Test_Script.login(java.lang.String,java.lang.String) throws java.lang.InterruptedException requires a @DataProvider named : VSTrain">
      <![CDATA[org.testng.TestNGException: 
Method public void Train_Script.Test_Script.login(java.lang.String,java.lang.String) throws java.lang.InterruptedException requires a @DataProvider named : VSTrain
at java.base/java.util.concurrent.ThreadPoolExecutor.runWorker(ThreadPoolExecutor.java:1136)
at java.base/java.util.concurrent.ThreadPoolExecutor$Worker.run(ThreadPoolExecutor.java:635)
at java.base/java.lang.Thread.run(Thread.java:833)
... Removed 9 stack frames]]>
    </failure>
  </testcase> <!-- login -->
</testsuite> <!-- Test -->
